2020-11-25 11:09:10.225 [background-preinit] INFO  o.h.validator.internal.util.Version - HV000001: Hibernate Validator 6.1.5.Final
2020-11-25 11:09:13.286 [background-preinit] WARN  o.s.h.c.j.Jackson2ObjectMapperBuilder - For Jackson Kotlin classes support please add "com.fasterxml.jackson.module:jackson-module-kotlin" to the classpath
2020-11-25 11:09:14.982 [main] INFO  com.soft1851.admin.Application - The following profiles are active: dev
2020-11-25 11:09:18.813 [main] INFO  o.s.d.r.c.RepositoryConfigurationDelegate - Multiple Spring Data modules found, entering strict repository configuration mode!
2020-11-25 11:09:18.815 [main] INFO  o.s.d.r.c.RepositoryConfigurationDelegate - Bootstrapping Spring Data MongoDB repositories in DEFAULT mode.
2020-11-25 11:09:18.953 [main] INFO  o.s.d.r.c.RepositoryConfigurationDelegate - Finished Spring Data repository scanning in 125ms. Found 1 MongoDB repository interfaces.
2020-11-25 11:09:18.988 [main] INFO  o.s.d.r.c.RepositoryConfigurationDelegate - Multiple Spring Data modules found, entering strict repository configuration mode!
2020-11-25 11:09:18.991 [main] INFO  o.s.d.r.c.RepositoryConfigurationDelegate - Bootstrapping Spring Data Redis repositories in DEFAULT mode.
2020-11-25 11:09:19.019 [main] INFO  o.s.d.r.c.RepositoryConfigurationExtensionSupport - Spring Data Redis - Could not safely identify store assignment for repository candidate interface com.soft1851.admin.repository.FriendLinkRepository. If you want this repository to be a Redis repository, consider annotating your entities with one of these annotations: org.springframework.data.redis.core.RedisHash (preferred), or consider extending one of the following types with your repository: org.springframework.data.keyvalue.repository.KeyValueRepository.
2020-11-25 11:09:19.019 [main] INFO  o.s.d.r.c.RepositoryConfigurationDelegate - Finished Spring Data repository scanning in 9ms. Found 0 Redis repository interfaces.
2020-11-25 11:09:20.070 [main] WARN  o.m.s.mapper.ClassPathMapperScanner - No MyBatis mapper was found in '[com.soft1851.admin]' package. Please check your configuration.
2020-11-25 11:09:20.642 [main] INFO  o.s.cloud.context.scope.GenericScope - BeanFactory id=1d4153ff-1277-3730-a9ae-1eced2dfbf08
2020-11-25 11:09:23.341 [main] INFO  o.s.b.w.e.tomcat.TomcatWebServer - Tomcat initialized with port(s): 8005 (http)
2020-11-25 11:09:23.371 [main] INFO  o.a.coyote.http11.Http11NioProtocol - Initializing ProtocolHandler ["http-nio-8005"]
2020-11-25 11:09:23.372 [main] INFO  o.a.catalina.core.StandardService - Starting service [Tomcat]
2020-11-25 11:09:23.372 [main] INFO  o.a.catalina.core.StandardEngine - Starting Servlet engine: [Apache Tomcat/9.0.38]
2020-11-25 11:09:24.213 [main] INFO  o.a.c.c.C.[Tomcat].[localhost].[/] - Initializing Spring embedded WebApplicationContext
2020-11-25 11:09:24.213 [main] INFO  o.s.b.w.s.c.ServletWebServerApplicationContext - Root WebApplicationContext: initialization completed in 9149 ms
2020-11-25 11:09:27.652 [main] INFO  org.mongodb.driver.cluster - Cluster created with settings {hosts=[121.196.101.85:27017], mode=SINGLE, requiredClusterType=UNKNOWN, serverSelectionTimeout='30000 ms', maxWaitQueueSize=500}
2020-11-25 11:09:27.907 [cluster-ClusterId{value='5fbdcae7656bb355bca7dad0', description='null'}-121.196.101.85:27017] INFO  org.mongodb.driver.connection - Opened connection [connectionId{localValue:1, serverValue:408}] to 121.196.101.85:27017
2020-11-25 11:09:28.033 [cluster-ClusterId{value='5fbdcae7656bb355bca7dad0', description='null'}-121.196.101.85:27017] INFO  org.mongodb.driver.cluster - Monitor thread successfully connected to server with description ServerDescription{address=121.196.101.85:27017, type=STANDALONE, state=CONNECTED, ok=true, version=ServerVersion{versionList=[4, 4, 2]}, minWireVersion=0, maxWireVersion=9, maxDocumentSize=16777216, logicalSessionTimeoutMinutes=30, roundTripTimeNanos=23479489}
2020-11-25 11:09:28.338 [main] WARN  o.s.data.convert.CustomConversions - Registering converter from class java.time.LocalDateTime to class org.joda.time.LocalDateTime as reading converter although it doesn't convert from a store-supported type! You might want to check your annotation setup at the converter implementation.
2020-11-25 11:09:28.653 [main] WARN  o.s.data.convert.CustomConversions - Registering converter from class java.time.LocalDateTime to class org.joda.time.LocalDateTime as reading converter although it doesn't convert from a store-supported type! You might want to check your annotation setup at the converter implementation.
2020-11-25 11:09:31.299 [main] WARN  c.n.c.sources.URLConfigurationSource - No URLs will be polled as dynamic configuration sources.
2020-11-25 11:09:31.300 [main] INFO  c.n.c.sources.URLConfigurationSource - To enable URLs as dynamic configuration sources, define System property archaius.configurationSource.additionalUrls or make config.properties available on classpath.
2020-11-25 11:09:31.313 [main] WARN  c.n.c.sources.URLConfigurationSource - No URLs will be polled as dynamic configuration sources.
2020-11-25 11:09:31.314 [main] INFO  c.n.c.sources.URLConfigurationSource - To enable URLs as dynamic configuration sources, define System property archaius.configurationSource.additionalUrls or make config.properties available on classpath.
2020-11-25 11:09:31.889 [main] INFO  o.s.s.c.ThreadPoolTaskExecutor - Initializing ExecutorService 'applicationTaskExecutor'
2020-11-25 11:09:32.542 [main] INFO  t.m.m.a.MapperCacheDisabler - Clear tk.mybatis.mapper.util.MsUtil CLASS_CACHE cache.
2020-11-25 11:09:32.544 [main] INFO  t.m.m.a.MapperCacheDisabler - Clear tk.mybatis.mapper.genid.GenIdUtil CACHE cache.
2020-11-25 11:09:32.545 [main] INFO  t.m.m.a.MapperCacheDisabler - Clear tk.mybatis.mapper.version.VersionUtil CACHE cache.
2020-11-25 11:09:32.546 [main] INFO  t.m.m.a.MapperCacheDisabler - Clear EntityHelper entityTableMap cache.
2020-11-25 11:09:35.234 [main] INFO  o.s.cloud.commons.util.InetUtils - Cannot determine local hostname
2020-11-25 11:09:35.833 [main] INFO  o.a.coyote.http11.Http11NioProtocol - Starting ProtocolHandler ["http-nio-8005"]
2020-11-25 11:09:36.078 [main] INFO  o.s.b.w.e.tomcat.TomcatWebServer - Tomcat started on port(s): 8005 (http) with context path ''
2020-11-25 11:09:37.097 [main] INFO  o.s.cloud.commons.util.InetUtils - Cannot determine local hostname
2020-11-25 11:09:37.115 [main] INFO  s.d.s.w.p.DocumentationPluginsBootstrapper - Context refreshed
2020-11-25 11:09:37.157 [main] INFO  s.d.s.w.p.DocumentationPluginsBootstrapper - Found 1 custom documentation plugin(s)
2020-11-25 11:09:37.186 [main] INFO  s.d.s.w.s.ApiListingReferenceScanner - Scanning for api listing references
2020-11-25 11:09:39.124 [main] INFO  com.soft1851.admin.Application - Started Application in 31.312 seconds (JVM running for 33.902)
2020-11-25 11:13:13.680 [SpringContextShutdownHook] INFO  o.s.s.c.ThreadPoolTaskExecutor - Shutting down ExecutorService 'applicationTaskExecutor'
2020-11-25 11:13:20.259 [background-preinit] INFO  o.h.validator.internal.util.Version - HV000001: Hibernate Validator 6.1.5.Final
2020-11-25 11:13:22.797 [background-preinit] WARN  o.s.h.c.j.Jackson2ObjectMapperBuilder - For Jackson Kotlin classes support please add "com.fasterxml.jackson.module:jackson-module-kotlin" to the classpath
2020-11-25 11:13:24.332 [main] INFO  com.soft1851.admin.Application - The following profiles are active: dev
2020-11-25 11:13:28.162 [main] INFO  o.s.d.r.c.RepositoryConfigurationDelegate - Multiple Spring Data modules found, entering strict repository configuration mode!
2020-11-25 11:13:28.164 [main] INFO  o.s.d.r.c.RepositoryConfigurationDelegate - Bootstrapping Spring Data MongoDB repositories in DEFAULT mode.
2020-11-25 11:13:28.261 [main] INFO  o.s.d.r.c.RepositoryConfigurationDelegate - Finished Spring Data repository scanning in 92ms. Found 1 MongoDB repository interfaces.
2020-11-25 11:13:28.301 [main] INFO  o.s.d.r.c.RepositoryConfigurationDelegate - Multiple Spring Data modules found, entering strict repository configuration mode!
2020-11-25 11:13:28.302 [main] INFO  o.s.d.r.c.RepositoryConfigurationDelegate - Bootstrapping Spring Data Redis repositories in DEFAULT mode.
2020-11-25 11:13:28.325 [main] INFO  o.s.d.r.c.RepositoryConfigurationExtensionSupport - Spring Data Redis - Could not safely identify store assignment for repository candidate interface com.soft1851.admin.repository.FriendLinkRepository. If you want this repository to be a Redis repository, consider annotating your entities with one of these annotations: org.springframework.data.redis.core.RedisHash (preferred), or consider extending one of the following types with your repository: org.springframework.data.keyvalue.repository.KeyValueRepository.
2020-11-25 11:13:28.325 [main] INFO  o.s.d.r.c.RepositoryConfigurationDelegate - Finished Spring Data repository scanning in 10ms. Found 0 Redis repository interfaces.
2020-11-25 11:13:29.346 [main] WARN  o.m.s.mapper.ClassPathMapperScanner - No MyBatis mapper was found in '[com.soft1851.admin]' package. Please check your configuration.
2020-11-25 11:13:30.090 [main] INFO  o.s.cloud.context.scope.GenericScope - BeanFactory id=1d4153ff-1277-3730-a9ae-1eced2dfbf08
2020-11-25 11:13:32.836 [main] INFO  o.s.b.w.e.tomcat.TomcatWebServer - Tomcat initialized with port(s): 8005 (http)
2020-11-25 11:13:32.854 [main] INFO  o.a.coyote.http11.Http11NioProtocol - Initializing ProtocolHandler ["http-nio-8005"]
2020-11-25 11:13:32.862 [main] INFO  o.a.catalina.core.StandardService - Starting service [Tomcat]
2020-11-25 11:13:32.863 [main] INFO  o.a.catalina.core.StandardEngine - Starting Servlet engine: [Apache Tomcat/9.0.38]
2020-11-25 11:13:33.651 [main] INFO  o.a.c.c.C.[Tomcat].[localhost].[/] - Initializing Spring embedded WebApplicationContext
2020-11-25 11:13:33.661 [main] INFO  o.s.b.w.s.c.ServletWebServerApplicationContext - Root WebApplicationContext: initialization completed in 9163 ms
2020-11-25 11:13:37.474 [main] INFO  org.mongodb.driver.cluster - Cluster created with settings {hosts=[121.196.101.85:27017], mode=SINGLE, requiredClusterType=UNKNOWN, serverSelectionTimeout='30000 ms', maxWaitQueueSize=500}
2020-11-25 11:13:37.597 [cluster-ClusterId{value='5fbdcbe176a9ed3004a9a467', description='null'}-121.196.101.85:27017] INFO  org.mongodb.driver.connection - Opened connection [connectionId{localValue:1, serverValue:409}] to 121.196.101.85:27017
2020-11-25 11:13:37.617 [main] WARN  o.s.data.convert.CustomConversions - Registering converter from class java.time.LocalDateTime to class org.joda.time.LocalDateTime as reading converter although it doesn't convert from a store-supported type! You might want to check your annotation setup at the converter implementation.
2020-11-25 11:13:37.620 [cluster-ClusterId{value='5fbdcbe176a9ed3004a9a467', description='null'}-121.196.101.85:27017] INFO  org.mongodb.driver.cluster - Monitor thread successfully connected to server with description ServerDescription{address=121.196.101.85:27017, type=STANDALONE, state=CONNECTED, ok=true, version=ServerVersion{versionList=[4, 4, 2]}, minWireVersion=0, maxWireVersion=9, maxDocumentSize=16777216, logicalSessionTimeoutMinutes=30, roundTripTimeNanos=19817111}
2020-11-25 11:13:37.939 [main] WARN  o.s.data.convert.CustomConversions - Registering converter from class java.time.LocalDateTime to class org.joda.time.LocalDateTime as reading converter although it doesn't convert from a store-supported type! You might want to check your annotation setup at the converter implementation.
2020-11-25 11:13:40.137 [main] WARN  c.n.c.sources.URLConfigurationSource - No URLs will be polled as dynamic configuration sources.
2020-11-25 11:13:40.137 [main] INFO  c.n.c.sources.URLConfigurationSource - To enable URLs as dynamic configuration sources, define System property archaius.configurationSource.additionalUrls or make config.properties available on classpath.
2020-11-25 11:13:40.144 [main] WARN  c.n.c.sources.URLConfigurationSource - No URLs will be polled as dynamic configuration sources.
2020-11-25 11:13:40.144 [main] INFO  c.n.c.sources.URLConfigurationSource - To enable URLs as dynamic configuration sources, define System property archaius.configurationSource.additionalUrls or make config.properties available on classpath.
2020-11-25 11:13:40.739 [main] INFO  o.s.s.c.ThreadPoolTaskExecutor - Initializing ExecutorService 'applicationTaskExecutor'
2020-11-25 11:13:41.393 [main] INFO  t.m.m.a.MapperCacheDisabler - Clear tk.mybatis.mapper.util.MsUtil CLASS_CACHE cache.
2020-11-25 11:13:41.396 [main] INFO  t.m.m.a.MapperCacheDisabler - Clear tk.mybatis.mapper.genid.GenIdUtil CACHE cache.
2020-11-25 11:13:41.398 [main] INFO  t.m.m.a.MapperCacheDisabler - Clear tk.mybatis.mapper.version.VersionUtil CACHE cache.
2020-11-25 11:13:41.399 [main] INFO  t.m.m.a.MapperCacheDisabler - Clear EntityHelper entityTableMap cache.
2020-11-25 11:13:44.063 [main] INFO  o.s.cloud.commons.util.InetUtils - Cannot determine local hostname
2020-11-25 11:13:44.558 [main] INFO  o.a.coyote.http11.Http11NioProtocol - Starting ProtocolHandler ["http-nio-8005"]
2020-11-25 11:13:44.699 [main] INFO  o.s.b.w.e.tomcat.TomcatWebServer - Tomcat started on port(s): 8005 (http) with context path ''
2020-11-25 11:13:45.714 [main] INFO  o.s.cloud.commons.util.InetUtils - Cannot determine local hostname
2020-11-25 11:13:45.732 [main] INFO  s.d.s.w.p.DocumentationPluginsBootstrapper - Context refreshed
2020-11-25 11:13:45.761 [main] INFO  s.d.s.w.p.DocumentationPluginsBootstrapper - Found 1 custom documentation plugin(s)
2020-11-25 11:13:45.787 [main] INFO  s.d.s.w.s.ApiListingReferenceScanner - Scanning for api listing references
2020-11-25 11:13:47.288 [main] INFO  com.soft1851.admin.Application - Started Application in 28.924 seconds (JVM running for 31.858)
2020-11-25 12:58:50.920 [cluster-ClusterId{value='5fbdcbe176a9ed3004a9a467', description='null'}-121.196.101.85:27017] INFO  org.mongodb.driver.cluster - Exception in monitor thread while connecting to server 121.196.101.85:27017
com.mongodb.MongoSocketOpenException: Exception opening socket
	at com.mongodb.internal.connection.SocketStream.open(SocketStream.java:70)
	at com.mongodb.internal.connection.InternalStreamConnection.open(InternalStreamConnection.java:128)
	at com.mongodb.internal.connection.DefaultServerMonitor$ServerMonitorRunnable.run(DefaultServerMonitor.java:131)
	at java.lang.Thread.run(Thread.java:748)
Caused by: java.net.ConnectException: Network is unreachable (connect failed)
	at java.net.PlainSocketImpl.socketConnect(Native Method)
	at java.net.AbstractPlainSocketImpl.doConnect(AbstractPlainSocketImpl.java:350)
	at java.net.AbstractPlainSocketImpl.connectToAddress(AbstractPlainSocketImpl.java:206)
	at java.net.AbstractPlainSocketImpl.connect(AbstractPlainSocketImpl.java:188)
	at java.net.SocksSocketImpl.connect(SocksSocketImpl.java:392)
	at java.net.Socket.connect(Socket.java:607)
	at com.mongodb.internal.connection.SocketStreamHelper.initialize(SocketStreamHelper.java:64)
	at com.mongodb.internal.connection.SocketStream.initializeSocket(SocketStream.java:79)
	at com.mongodb.internal.connection.SocketStream.open(SocketStream.java:65)
	... 3 common frames omitted
2020-11-25 12:59:00.978 [cluster-ClusterId{value='5fbdcbe176a9ed3004a9a467', description='null'}-121.196.101.85:27017] INFO  org.mongodb.driver.connection - Opened connection [connectionId{localValue:3, serverValue:453}] to 121.196.101.85:27017
2020-11-25 12:59:00.997 [cluster-ClusterId{value='5fbdcbe176a9ed3004a9a467', description='null'}-121.196.101.85:27017] INFO  org.mongodb.driver.cluster - Monitor thread successfully connected to server with description ServerDescription{address=121.196.101.85:27017, type=STANDALONE, state=CONNECTED, ok=true, version=ServerVersion{versionList=[4, 4, 2]}, minWireVersion=0, maxWireVersion=9, maxDocumentSize=16777216, logicalSessionTimeoutMinutes=30, roundTripTimeNanos=17729421}
2020-11-25 14:24:13.084 [cluster-ClusterId{value='5fbdcbe176a9ed3004a9a467', description='null'}-121.196.101.85:27017] INFO  org.mongodb.driver.cluster - Exception in monitor thread while connecting to server 121.196.101.85:27017
com.mongodb.MongoSocketOpenException: Exception opening socket
	at com.mongodb.internal.connection.SocketStream.open(SocketStream.java:70)
	at com.mongodb.internal.connection.InternalStreamConnection.open(InternalStreamConnection.java:128)
	at com.mongodb.internal.connection.DefaultServerMonitor$ServerMonitorRunnable.run(DefaultServerMonitor.java:131)
	at java.lang.Thread.run(Thread.java:748)
Caused by: java.net.ConnectException: Network is unreachable (connect failed)
	at java.net.PlainSocketImpl.socketConnect(Native Method)
	at java.net.AbstractPlainSocketImpl.doConnect(AbstractPlainSocketImpl.java:350)
	at java.net.AbstractPlainSocketImpl.connectToAddress(AbstractPlainSocketImpl.java:206)
	at java.net.AbstractPlainSocketImpl.connect(AbstractPlainSocketImpl.java:188)
	at java.net.SocksSocketImpl.connect(SocksSocketImpl.java:392)
	at java.net.Socket.connect(Socket.java:607)
	at com.mongodb.internal.connection.SocketStreamHelper.initialize(SocketStreamHelper.java:64)
	at com.mongodb.internal.connection.SocketStream.initializeSocket(SocketStream.java:79)
	at com.mongodb.internal.connection.SocketStream.open(SocketStream.java:65)
	... 3 common frames omitted
2020-11-25 14:24:23.170 [cluster-ClusterId{value='5fbdcbe176a9ed3004a9a467', description='null'}-121.196.101.85:27017] INFO  org.mongodb.driver.connection - Opened connection [connectionId{localValue:5, serverValue:462}] to 121.196.101.85:27017
2020-11-25 14:24:23.188 [cluster-ClusterId{value='5fbdcbe176a9ed3004a9a467', description='null'}-121.196.101.85:27017] INFO  org.mongodb.driver.cluster - Monitor thread successfully connected to server with description ServerDescription{address=121.196.101.85:27017, type=STANDALONE, state=CONNECTED, ok=true, version=ServerVersion{versionList=[4, 4, 2]}, minWireVersion=0, maxWireVersion=9, maxDocumentSize=16777216, logicalSessionTimeoutMinutes=30, roundTripTimeNanos=15824487}
2020-11-25 14:24:53.305 [cluster-ClusterId{value='5fbdcbe176a9ed3004a9a467', description='null'}-121.196.101.85:27017] INFO  org.mongodb.driver.connection - Opened connection [connectionId{localValue:6, serverValue:465}] to 121.196.101.85:27017
2020-11-25 15:16:23.342 [SpringContextShutdownHook] INFO  o.s.s.c.ThreadPoolTaskExecutor - Shutting down ExecutorService 'applicationTaskExecutor'
