2020-11-20 15:23:43.932 [SpringContextShutdownHook] INFO  o.s.j.e.a.AnnotationMBeanExporter - Could not unregister MBean [com.github.tobato.fastdfs.domain.conn:name=fdfsConnectionPool,type=FdfsConnectionPool] as said MBean is not registered (perhaps already unregistered by an external process)
2020-11-20 15:23:43.948 [SpringContextShutdownHook] INFO  o.s.s.c.ThreadPoolTaskExecutor - Shutting down ExecutorService 'applicationTaskExecutor'
2020-11-20 15:23:55.213 [background-preinit] INFO  o.h.validator.internal.util.Version - HV000001: Hibernate Validator 6.1.5.Final
2020-11-20 15:23:56.395 [background-preinit] WARN  o.s.h.c.j.Jackson2ObjectMapperBuilder - For Jackson Kotlin classes support please add "com.fasterxml.jackson.module:jackson-module-kotlin" to the classpath
2020-11-20 15:23:56.661 [main] INFO  com.soft1851.files.Application - The following profiles are active: dev
2020-11-20 15:23:58.958 [main] INFO  o.s.d.r.c.RepositoryConfigurationDelegate - Multiple Spring Data modules found, entering strict repository configuration mode!
2020-11-20 15:23:58.966 [main] INFO  o.s.d.r.c.RepositoryConfigurationDelegate - Bootstrapping Spring Data Redis repositories in DEFAULT mode.
2020-11-20 15:23:59.027 [main] INFO  o.s.d.r.c.RepositoryConfigurationDelegate - Finished Spring Data repository scanning in 22ms. Found 0 Redis repository interfaces.
2020-11-20 15:23:59.460 [main] INFO  o.s.cloud.context.scope.GenericScope - BeanFactory id=9f5bb500-774f-31a5-b8ca-dd1fa246791a
2020-11-20 15:24:00.378 [main] INFO  o.s.b.w.e.tomcat.TomcatWebServer - Tomcat initialized with port(s): 8004 (http)
2020-11-20 15:24:00.401 [main] INFO  o.a.coyote.http11.Http11NioProtocol - Initializing ProtocolHandler ["http-nio-8004"]
2020-11-20 15:24:00.402 [main] INFO  o.a.catalina.core.StandardService - Starting service [Tomcat]
2020-11-20 15:24:00.403 [main] INFO  o.a.catalina.core.StandardEngine - Starting Servlet engine: [Apache Tomcat/9.0.38]
2020-11-20 15:24:00.692 [main] INFO  o.a.c.c.C.[Tomcat].[localhost].[/] - Initializing Spring embedded WebApplicationContext
2020-11-20 15:24:00.693 [main] INFO  o.s.b.w.s.c.ServletWebServerApplicationContext - Root WebApplicationContext: initialization completed in 3981 ms
2020-11-20 15:24:02.292 [main] WARN  c.n.c.sources.URLConfigurationSource - No URLs will be polled as dynamic configuration sources.
2020-11-20 15:24:02.293 [main] INFO  c.n.c.sources.URLConfigurationSource - To enable URLs as dynamic configuration sources, define System property archaius.configurationSource.additionalUrls or make config.properties available on classpath.
2020-11-20 15:24:02.305 [main] WARN  c.n.c.sources.URLConfigurationSource - No URLs will be polled as dynamic configuration sources.
2020-11-20 15:24:02.305 [main] INFO  c.n.c.sources.URLConfigurationSource - To enable URLs as dynamic configuration sources, define System property archaius.configurationSource.additionalUrls or make config.properties available on classpath.
2020-11-20 15:24:02.620 [main] INFO  o.s.s.c.ThreadPoolTaskExecutor - Initializing ExecutorService 'applicationTaskExecutor'
2020-11-20 15:24:03.575 [main] INFO  o.a.coyote.http11.Http11NioProtocol - Starting ProtocolHandler ["http-nio-8004"]
2020-11-20 15:24:03.618 [main] INFO  o.s.b.w.e.tomcat.TomcatWebServer - Tomcat started on port(s): 8004 (http) with context path ''
2020-11-20 15:24:03.633 [main] INFO  s.d.s.w.p.DocumentationPluginsBootstrapper - Context refreshed
2020-11-20 15:24:03.667 [main] INFO  s.d.s.w.p.DocumentationPluginsBootstrapper - Found 1 custom documentation plugin(s)
2020-11-20 15:24:03.681 [main] INFO  s.d.s.w.s.ApiListingReferenceScanner - Scanning for api listing references
2020-11-20 15:24:03.988 [main] INFO  com.soft1851.files.Application - Started Application in 10.106 seconds (JVM running for 11.837)
2020-11-20 15:24:34.290 [http-nio-8004-exec-2] INFO  o.a.c.c.C.[Tomcat].[localhost].[/] - Initializing Spring DispatcherServlet 'dispatcherServlet'
2020-11-20 15:24:34.291 [http-nio-8004-exec-2] INFO  o.s.web.servlet.DispatcherServlet - Initializing Servlet 'dispatcherServlet'
2020-11-20 15:24:34.320 [http-nio-8004-exec-2] INFO  o.s.web.servlet.DispatcherServlet - Completed initialization in 28 ms
2020-11-20 15:24:34.872 [http-nio-8004-exec-2] INFO  c.s.f.c.FileUploadController - path = group1/M00/00/00/ecRlVV-3bzKAEj2LAAAlJmD35ug81.jpeg
2020-11-20 15:24:34.872 [http-nio-8004-exec-2] INFO  c.s.f.c.FileUploadController - http://121.196.101.85:8888/group1/M00/00/00/ecRlVV-3bzKAEj2LAAAlJmD35ug81.jpeg
2020-11-20 15:26:30.037 [http-nio-8004-exec-3] INFO  c.s.f.c.FileUploadController - path = group1/M00/00/00/ecRlVV-3b6aAIl1CAAICSDWZ3_c814.jpg
2020-11-20 15:26:30.039 [http-nio-8004-exec-3] INFO  c.s.f.c.FileUploadController - http://121.196.101.85:8888/group1/M00/00/00/ecRlVV-3b6aAIl1CAAICSDWZ3_c814.jpg
2020-11-20 15:55:35.985 [SpringContextShutdownHook] INFO  o.s.j.e.a.AnnotationMBeanExporter - Could not unregister MBean [com.github.tobato.fastdfs.domain.conn:name=fdfsConnectionPool,type=FdfsConnectionPool] as said MBean is not registered (perhaps already unregistered by an external process)
2020-11-20 15:55:35.987 [SpringContextShutdownHook] INFO  o.s.s.c.ThreadPoolTaskExecutor - Shutting down ExecutorService 'applicationTaskExecutor'
2020-11-20 15:55:46.456 [background-preinit] INFO  o.h.validator.internal.util.Version - HV000001: Hibernate Validator 6.1.5.Final
2020-11-20 15:55:47.068 [background-preinit] WARN  o.s.h.c.j.Jackson2ObjectMapperBuilder - For Jackson Kotlin classes support please add "com.fasterxml.jackson.module:jackson-module-kotlin" to the classpath
2020-11-20 15:55:47.224 [main] INFO  com.soft1851.files.Application - The following profiles are active: dev
2020-11-20 15:55:49.187 [main] INFO  o.s.d.r.c.RepositoryConfigurationDelegate - Multiple Spring Data modules found, entering strict repository configuration mode!
2020-11-20 15:55:49.191 [main] INFO  o.s.d.r.c.RepositoryConfigurationDelegate - Bootstrapping Spring Data Redis repositories in DEFAULT mode.
2020-11-20 15:55:49.231 [main] INFO  o.s.d.r.c.RepositoryConfigurationDelegate - Finished Spring Data repository scanning in 21ms. Found 0 Redis repository interfaces.
2020-11-20 15:55:49.547 [main] INFO  o.s.cloud.context.scope.GenericScope - BeanFactory id=9f5bb500-774f-31a5-b8ca-dd1fa246791a
2020-11-20 15:55:50.173 [main] INFO  o.s.b.w.e.tomcat.TomcatWebServer - Tomcat initialized with port(s): 8004 (http)
2020-11-20 15:55:50.185 [main] INFO  o.a.coyote.http11.Http11NioProtocol - Initializing ProtocolHandler ["http-nio-8004"]
2020-11-20 15:55:50.186 [main] INFO  o.a.catalina.core.StandardService - Starting service [Tomcat]
2020-11-20 15:55:50.186 [main] INFO  o.a.catalina.core.StandardEngine - Starting Servlet engine: [Apache Tomcat/9.0.38]
2020-11-20 15:55:50.504 [main] INFO  o.a.c.c.C.[Tomcat].[localhost].[/] - Initializing Spring embedded WebApplicationContext
2020-11-20 15:55:50.504 [main] INFO  o.s.b.w.s.c.ServletWebServerApplicationContext - Root WebApplicationContext: initialization completed in 3259 ms
2020-11-20 15:55:51.462 [main] WARN  c.n.c.sources.URLConfigurationSource - No URLs will be polled as dynamic configuration sources.
2020-11-20 15:55:51.462 [main] INFO  c.n.c.sources.URLConfigurationSource - To enable URLs as dynamic configuration sources, define System property archaius.configurationSource.additionalUrls or make config.properties available on classpath.
2020-11-20 15:55:51.468 [main] WARN  c.n.c.sources.URLConfigurationSource - No URLs will be polled as dynamic configuration sources.
2020-11-20 15:55:51.469 [main] INFO  c.n.c.sources.URLConfigurationSource - To enable URLs as dynamic configuration sources, define System property archaius.configurationSource.additionalUrls or make config.properties available on classpath.
2020-11-20 15:55:51.664 [main] INFO  o.s.s.c.ThreadPoolTaskExecutor - Initializing ExecutorService 'applicationTaskExecutor'
2020-11-20 15:55:52.410 [main] INFO  o.a.coyote.http11.Http11NioProtocol - Starting ProtocolHandler ["http-nio-8004"]
2020-11-20 15:55:52.443 [main] INFO  o.s.b.w.e.tomcat.TomcatWebServer - Tomcat started on port(s): 8004 (http) with context path ''
2020-11-20 15:55:52.456 [main] INFO  s.d.s.w.p.DocumentationPluginsBootstrapper - Context refreshed
2020-11-20 15:55:52.473 [main] INFO  s.d.s.w.p.DocumentationPluginsBootstrapper - Found 1 custom documentation plugin(s)
2020-11-20 15:55:52.484 [main] INFO  s.d.s.w.s.ApiListingReferenceScanner - Scanning for api listing references
2020-11-20 15:55:52.670 [main] INFO  com.soft1851.files.Application - Started Application in 7.125 seconds (JVM running for 8.807)
2020-11-20 18:30:11.779 [SpringContextShutdownHook] INFO  o.s.j.e.a.AnnotationMBeanExporter - Could not unregister MBean [com.github.tobato.fastdfs.domain.conn:name=fdfsConnectionPool,type=FdfsConnectionPool] as said MBean is not registered (perhaps already unregistered by an external process)
2020-11-20 18:30:11.785 [SpringContextShutdownHook] INFO  o.s.s.c.ThreadPoolTaskExecutor - Shutting down ExecutorService 'applicationTaskExecutor'
